DEPRECATION WARNING: config.action_view.debug_rjs will be removed in 3.1, from 3.1 onwards you will need to install prototype-rails to continue to use RJS templates . (called from service at /home/juampa/.rvm/rubies/ruby-1.9.2-p290/lib/ruby/1.9.1/webrick/httpserver.rb:111)


Started GET "/hello" for 127.0.0.1 at 2012-01-05 15:12:34 +0100

ActionController::RoutingError (No route matches "/hello"):
  

Rendered /home/juampa/.rvm/gems/ruby-1.9.2-p290/gems/actionpack-3.0.9/lib/action_dispatch/middleware/templates/rescues/routing_error.erb within rescues/layout (1.1ms)
DEPRECATION WARNING: config.action_view.debug_rjs will be removed in 3.1, from 3.1 onwards you will need to install prototype-rails to continue to use RJS templates . (called from service at /home/juampa/.rvm/rubies/ruby-1.9.2-p290/lib/ruby/1.9.1/webrick/httpserver.rb:111)


Started GET "/users" for 127.0.0.1 at 2012-01-05 18:32:40 +0100

ActionController::RoutingError (No route matches "/users"):
  

Rendered /home/juampa/.rvm/gems/ruby-1.9.2-p290/gems/actionpack-3.0.9/lib/action_dispatch/middleware/templates/rescues/routing_error.erb within rescues/layout (1.4ms)


Started GET "/about" for 127.0.0.1 at 2012-01-05 18:32:45 +0100

ActionController::RoutingError (No route matches "/about"):
  

Rendered /home/juampa/.rvm/gems/ruby-1.9.2-p290/gems/actionpack-3.0.9/lib/action_dispatch/middleware/templates/rescues/routing_error.erb within rescues/layout (1.4ms)


Started GET "/pages/about" for 127.0.0.1 at 2012-01-05 18:33:18 +0100

ActionController::RoutingError (No route matches "/pages/about"):
  

Rendered /home/juampa/.rvm/gems/ruby-1.9.2-p290/gems/actionpack-3.0.9/lib/action_dispatch/middleware/templates/rescues/routing_error.erb within rescues/layout (0.9ms)


Started GET "/pages/home" for 127.0.0.1 at 2012-01-05 18:33:45 +0100
  Processing by PagesController#home as HTML
Rendered pages/home.html.erb within layouts/application (1.8ms)
Completed 200 OK in 27ms (Views: 26.3ms | ActiveRecord: 0.0ms)


Started GET "/pages/about" for 127.0.0.1 at 2012-01-05 18:33:49 +0100

ActionController::RoutingError (No route matches "/pages/about"):
  

Rendered /home/juampa/.rvm/gems/ruby-1.9.2-p290/gems/actionpack-3.0.9/lib/action_dispatch/middleware/templates/rescues/routing_error.erb within rescues/layout (0.9ms)
